  [1m[35m (0.1ms)[0m  [1m[34mSELECT sqlite_version(*)[0m
  [1m[35m (17.2ms)[0m  [1m[35mCREATE TABLE "schema_migrations" ("version" varchar NOT NULL PRIMARY KEY)[0m
  [1m[35m (8.3ms)[0m  [1m[35mCREATE TABLE "ar_internal_metadata" ("key" varchar NOT NULL PRIMARY KEY, "value" varchar, "created_at" datetime NOT NULL, "updated_at" datetime NOT NULL)[0m
  [1m[35m (0.1ms)[0m  [1m[34mSELECT "schema_migrations"."version" FROM "schema_migrations" ORDER BY "schema_migrations"."version" ASC[0m
Migrating to CreateSearches (20180112080248)
  [1m[35m (0.0ms)[0m  [1m[36mbegin transaction[0m
  [1m[35m (2.2ms)[0m  [1m[35mCREATE TABLE "searches" ("id" INTEGER PRIMARY KEY AUTOINCREMENT NOT NULL, "query_params" blob, "user_id" integer, "user_type" varchar, "created_at" datetime NOT NULL, "updated_at" datetime NOT NULL)[0m
  [1m[35m (0.1ms)[0m  [1m[35mCREATE  INDEX "index_searches_on_user_id" ON "searches" ("user_id")[0m
  [1m[35mSQL (0.1ms)[0m  [1m[32mINSERT INTO "schema_migrations" ("version") VALUES (?)[0m  [["version", "20180112080248"]]
  [1m[35m (9.5ms)[0m  [1m[36mcommit transaction[0m
Migrating to CreateBookmarks (20180112080249)
  [1m[35m (0.1ms)[0m  [1m[36mbegin transaction[0m
  [1m[35m (4.6ms)[0m  [1m[35mCREATE TABLE "bookmarks" ("id" INTEGER PRIMARY KEY AUTOINCREMENT NOT NULL, "user_id" integer NOT NULL, "user_type" varchar, "document_id" varchar, "document_type" varchar, "title" blob, "created_at" datetime NOT NULL, "updated_at" datetime NOT NULL)[0m
  [1m[35m (0.1ms)[0m  [1m[35mCREATE  INDEX "index_bookmarks_on_user_id" ON "bookmarks" ("user_id")[0m
  [1m[35m (0.0ms)[0m  [1m[34m            SELECT sql
            FROM sqlite_master
            WHERE name='index_bookmarks_on_user_id' AND type='index'
            UNION ALL
            SELECT sql
            FROM sqlite_temp_master
            WHERE name='index_bookmarks_on_user_id' AND type='index'
[0m
  [1m[35m (0.1ms)[0m  [1m[35mCREATE  INDEX "index_bookmarks_on_document_id" ON "bookmarks" ("document_id")[0m
  [1m[35mSQL (0.1ms)[0m  [1m[32mINSERT INTO "schema_migrations" ("version") VALUES (?)[0m  [["version", "20180112080249"]]
  [1m[35m (7.5ms)[0m  [1m[36mcommit transaction[0m
Migrating to AddPolymorphicTypeToBookmarks (20180112080250)
  [1m[35m (0.0ms)[0m  [1m[36mbegin transaction[0m
  [1m[35m (0.0ms)[0m  [1m[34m            SELECT sql
            FROM sqlite_master
            WHERE name='index_bookmarks_on_document_id' AND type='index'
            UNION ALL
            SELECT sql
            FROM sqlite_temp_master
            WHERE name='index_bookmarks_on_document_id' AND type='index'
[0m
  [1m[35m (0.0ms)[0m  [1m[34m            SELECT sql
            FROM sqlite_master
            WHERE name='index_bookmarks_on_user_id' AND type='index'
            UNION ALL
            SELECT sql
            FROM sqlite_temp_master
            WHERE name='index_bookmarks_on_user_id' AND type='index'
[0m
  [1m[35mSQL (2.0ms)[0m  [1m[32mINSERT INTO "schema_migrations" ("version") VALUES (?)[0m  [["version", "20180112080250"]]
  [1m[35m (5.8ms)[0m  [1m[36mcommit transaction[0m
  [1m[36mActiveRecord::InternalMetadata Load (0.1ms)[0m  [1m[34mSELECT  "ar_internal_metadata".* FROM "ar_internal_metadata" WHERE "ar_internal_metadata"."key" = ? LIMIT ?[0m  [["key", "environment"], ["LIMIT", 1]]
  [1m[35m (0.1ms)[0m  [1m[36mbegin transaction[0m
  [1m[35mSQL (2.1ms)[0m  [1m[32mINSERT INTO "ar_internal_metadata" ("key", "value", "created_at", "updated_at") VALUES (?, ?, ?, ?)[0m  [["key", "environment"], ["value", "development"], ["created_at", "2018-01-12 08:03:19.601949"], ["updated_at", "2018-01-12 08:03:19.601949"]]
  [1m[35m (4.9ms)[0m  [1m[36mcommit transaction[0m
  [1m[35m (0.1ms)[0m  [1m[34mSELECT "schema_migrations"."version" FROM "schema_migrations" ORDER BY "schema_migrations"."version" ASC[0m
  [1m[35m (0.0ms)[0m  [1m[34m            SELECT sql
            FROM sqlite_master
            WHERE name='index_bookmarks_on_document_id' AND type='index'
            UNION ALL
            SELECT sql
            FROM sqlite_temp_master
            WHERE name='index_bookmarks_on_document_id' AND type='index'
[0m
  [1m[35m (0.0ms)[0m  [1m[34m            SELECT sql
            FROM sqlite_master
            WHERE name='index_bookmarks_on_user_id' AND type='index'
            UNION ALL
            SELECT sql
            FROM sqlite_temp_master
            WHERE name='index_bookmarks_on_user_id' AND type='index'
[0m
  [1m[35m (0.0ms)[0m  [1m[34m            SELECT sql
            FROM sqlite_master
            WHERE name='index_searches_on_user_id' AND type='index'
            UNION ALL
            SELECT sql
            FROM sqlite_temp_master
            WHERE name='index_searches_on_user_id' AND type='index'
[0m
Started GET "/" for 127.0.0.1 at 2018-01-12 09:05:02 +0100
  [1m[35m (0.3ms)[0m  [1m[34mSELECT "schema_migrations"."version" FROM "schema_migrations" ORDER BY "schema_migrations"."version" ASC[0m
Processing by CatalogController#index as HTML
Completed 500 Internal Server Error in 58ms (ActiveRecord: 0.0ms)


  
Blacklight::Exceptions::InvalidRequest (RSolr::Error::Http - 400 Bad Request
Error: {"responseHeader":{"status":400,"QTime":10,"params":{"facet.query":["pub_date:[2013 TO *]","pub_date:[2008 TO *]","pub_date:[1993 TO *]"],"f.subject_topic_facet.facet.limit":"21","facet.field":["format","{!ex=pub_date_single}pub_date","subject_topic_facet","language_facet","lc_1letter_facet","subject_geo_facet","subject_era_facet"],"facet.pivot":"format,language_facet","sort":"score desc, pub_date_sort desc, title_sort asc","rows":"10","facet":"true","wt":"json","f.language_facet.facet.limit":"11"}},"error":{"msg":"sort param field can't be found: pub_date_sort","code":400}}

URI: http://kb-test-sol-001.kb.dk:8983/solr/select?wt=json&facet.field=format&facet.field=%7B%21ex%3Dpub_date_single%7Dpub_date&facet.field=subject_topic_facet&facet.field=language_facet&facet.field=lc_1letter_facet&facet.field=subject_geo_facet&facet.field=subject_era_facet&facet.query=pub_date%3A%5B2013+TO+*%5D&facet.query=pub_date%3A%5B2008+TO+*%5D&facet.query=pub_date%3A%5B1993+TO+*%5D&facet.pivot=format%2Clanguage_facet&&&rows=10&facet=true&f.subject_topic_facet.facet.limit=21&f.language_facet.facet.limit=11&sort=score+desc%2C+pub_date_sort+desc%2C+title_sort+asc

Backtrace: /home/nkh/.rvm/gems/ruby-2.3.1/gems/rsolr-2.0.2/lib/rsolr/client.rb:195:in `rescue in execute'
/home/nkh/.rvm/gems/ruby-2.3.1/gems/rsolr-2.0.2/lib/rsolr/client.rb:185:in `execute'
/home/nkh/.rvm/gems/ruby-2.3.1/gems/rsolr-2.0.2/lib/rsolr/client.rb:180:in `send_and_receive'
/home/nkh/.rvm/gems/ruby-2.3.1/bundler/gems/blacklight-169d3b2cb246/lib/blacklight/solr/repository.rb:38:in `block in send_and_receive'
/home/nkh/.rvm/gems/ruby-2.3.1/gems/activesupport-5.1.4/lib/active_support/benchmarkable.rb:41:in `block in benchmark'
/home/nkh/.rvm/gems/ruby-2.3.1/gems/activesupport-5.1.4/lib/active_support/core_ext/benchmark.rb:12:in `block in ms'
/home/nkh/.rvm/rubies/ruby-2.3.1/lib/ruby/2.3.0/benchmark.rb:308:in `realtime'
/home/nkh/.rvm/gems/ruby-2.3.1/gems/activesupport-5.1.4/lib/active_support/core_ext/benchmark.rb:12:in `ms'
/home/nkh/.rvm/gems/ruby-2.3.1/gems/activesupport-5.1.4/lib/active_support/benchmarkable.rb:41:in `benchmark'
/home/nkh/.rvm/gems/ruby-2.3.1/bundler/gems/blacklight-169d3b2cb246/lib/blacklight/solr/repository.rb:36:in `send_and_receive'
/home/nkh/.rvm/gems/ruby-2.3.1/bundler/gems/blacklight-169d3b2cb246/lib/blacklight/solr/repository.rb:22:in `search'):
  
/home/nkh/.rvm/gems/ruby-2.3.1/bundler/gems/blacklight-169d3b2cb246/lib/blacklight/solr/repository.rb:49:in `rescue in send_and_receive'
/home/nkh/.rvm/gems/ruby-2.3.1/bundler/gems/blacklight-169d3b2cb246/lib/blacklight/solr/repository.rb:36:in `send_and_receive'
/home/nkh/.rvm/gems/ruby-2.3.1/bundler/gems/blacklight-169d3b2cb246/lib/blacklight/solr/repository.rb:22:in `search'
/home/nkh/.rvm/gems/ruby-2.3.1/bundler/gems/blacklight-169d3b2cb246/app/services/blacklight/search_service.rb:25:in `search_results'
/home/nkh/.rvm/gems/ruby-2.3.1/bundler/gems/blacklight-169d3b2cb246/app/controllers/concerns/blacklight/catalog.rb:25:in `index'
actionpack (5.1.4) lib/action_controller/metal/basic_implicit_render.rb:4:in `send_action'
actionpack (5.1.4) lib/abstract_controller/base.rb:186:in `process_action'
actionpack (5.1.4) lib/action_controller/metal/rendering.rb:30:in `process_action'
actionpack (5.1.4) lib/abstract_controller/callbacks.rb:20:in `block in process_action'
activesupport (5.1.4) lib/active_support/callbacks.rb:131:in `run_callbacks'
actionpack (5.1.4) lib/abstract_controller/callbacks.rb:19:in `process_action'
actionpack (5.1.4) lib/action_controller/metal/rescue.rb:20:in `process_action'
actionpack (5.1.4) lib/action_controller/metal/instrumentation.rb:32:in `block in process_action'
activesupport (5.1.4) lib/active_support/notifications.rb:166:in `block in instrument'
activesupport (5.1.4) lib/active_support/notifications/instrumenter.rb:21:in `instrument'
activesupport (5.1.4) lib/active_support/notifications.rb:166:in `instrument'
actionpack (5.1.4) lib/action_controller/metal/instrumentation.rb:30:in `process_action'
actionpack (5.1.4) lib/action_controller/metal/params_wrapper.rb:252:in `process_action'
activerecord (5.1.4) lib/active_record/railties/controller_runtime.rb:22:in `process_action'
actionpack (5.1.4) lib/abstract_controller/base.rb:124:in `process'
actionview (5.1.4) lib/action_view/rendering.rb:30:in `process'
actionpack (5.1.4) lib/action_controller/metal.rb:189:in `dispatch'
actionpack (5.1.4) lib/action_controller/metal.rb:253:in `dispatch'
actionpack (5.1.4) lib/action_dispatch/routing/route_set.rb:49:in `dispatch'
actionpack (5.1.4) lib/action_dispatch/routing/route_set.rb:31:in `serve'
actionpack (5.1.4) lib/action_dispatch/journey/router.rb:50:in `block in serve'
actionpack (5.1.4) lib/action_dispatch/journey/router.rb:33:in `each'
actionpack (5.1.4) lib/action_dispatch/journey/router.rb:33:in `serve'
actionpack (5.1.4) lib/action_dispatch/routing/route_set.rb:834:in `call'
rack (2.0.3) lib/rack/etag.rb:25:in `call'
rack (2.0.3) lib/rack/conditional_get.rb:25:in `call'
rack (2.0.3) lib/rack/head.rb:12:in `call'
rack (2.0.3) lib/rack/session/abstract/id.rb:232:in `context'
rack (2.0.3) lib/rack/session/abstract/id.rb:226:in `call'
actionpack (5.1.4) lib/action_dispatch/middleware/cookies.rb:613:in `call'
activerecord (5.1.4) lib/active_record/migration.rb:556:in `call'
actionpack (5.1.4) lib/action_dispatch/middleware/callbacks.rb:26:in `block in call'
activesupport (5.1.4) lib/active_support/callbacks.rb:97:in `run_callbacks'
actionpack (5.1.4) lib/action_dispatch/middleware/callbacks.rb:24:in `call'
actionpack (5.1.4) lib/action_dispatch/middleware/executor.rb:12:in `call'
actionpack (5.1.4) lib/action_dispatch/middleware/debug_exceptions.rb:59:in `call'
web-console (3.5.1) lib/web_console/middleware.rb:135:in `call_app'
web-console (3.5.1) lib/web_console/middleware.rb:28:in `block in call'
web-console (3.5.1) lib/web_console/middleware.rb:18:in `catch'
web-console (3.5.1) lib/web_console/middleware.rb:18:in `call'
actionpack (5.1.4) lib/action_dispatch/middleware/show_exceptions.rb:31:in `call'
railties (5.1.4) lib/rails/rack/logger.rb:36:in `call_app'
railties (5.1.4) lib/rails/rack/logger.rb:24:in `block in call'
activesupport (5.1.4) lib/active_support/tagged_logging.rb:69:in `block in tagged'
activesupport (5.1.4) lib/active_support/tagged_logging.rb:26:in `tagged'
activesupport (5.1.4) lib/active_support/tagged_logging.rb:69:in `tagged'
railties (5.1.4) lib/rails/rack/logger.rb:24:in `call'
sprockets-rails (3.2.1) lib/sprockets/rails/quiet_assets.rb:13:in `call'
actionpack (5.1.4) lib/action_dispatch/middleware/remote_ip.rb:79:in `call'
actionpack (5.1.4) lib/action_dispatch/middleware/request_id.rb:25:in `call'
rack (2.0.3) lib/rack/method_override.rb:22:in `call'
rack (2.0.3) lib/rack/runtime.rb:22:in `call'
activesupport (5.1.4) lib/active_support/cache/strategy/local_cache_middleware.rb:27:in `call'
actionpack (5.1.4) lib/action_dispatch/middleware/executor.rb:12:in `call'
actionpack (5.1.4) lib/action_dispatch/middleware/static.rb:125:in `call'
rack (2.0.3) lib/rack/sendfile.rb:111:in `call'
railties (5.1.4) lib/rails/engine.rb:522:in `call'
puma (3.11.0) lib/puma/configuration.rb:225:in `call'
puma (3.11.0) lib/puma/server.rb:624:in `handle_request'
puma (3.11.0) lib/puma/server.rb:438:in `process_client'
puma (3.11.0) lib/puma/server.rb:302:in `block in run'
puma (3.11.0) lib/puma/thread_pool.rb:120:in `block in spawn_thread'
